{"meta": {"format": 3, "version": "7.10.7", "timestamp": "2025-10-15T22:35:44.967325", "branch_coverage": false, "show_contexts": false}, "files": {"src\\didimpute\\__init__.py": {"executed_lines": [1, 3, 4, 6, 7], "summary": {"covered_lines": 5, "num_statements": 5, "percent_covered": 100.0, "percent_covered_display": "100", "missing_lines": 0, "excluded_lines": 0}, "missing_lines": [], "excluded_lines": [], "functions": {"": {"executed_lines": [1, 3, 4, 6, 7], "summary": {"covered_lines": 5, "num_statements": 5, "percent_covered": 100.0, "percent_covered_display": "100", "missing_lines": 0, "excluded_lines": 0}, "missing_lines": [], "excluded_lines": []}}, "classes": {"": {"executed_lines": [1, 3, 4, 6, 7], "summary": {"covered_lines": 5, "num_statements": 5, "percent_covered": 100.0, "percent_covered_display": "100", "missing_lines": 0, "excluded_lines": 0}, "missing_lines": [], "excluded_lines": []}}}, "src\\didimpute\\aggregate.py": {"executed_lines": [1, 3, 5, 6, 9, 12, 13, 14, 15, 18, 21, 27, 28, 29, 32, 35, 41, 47, 48, 49, 50, 52, 53, 54, 57, 95, 96, 97, 98, 100, 101, 102, 106, 107, 109, 117, 118, 119, 120, 123, 124, 125, 126, 127, 128, 132, 133, 134, 136, 137, 138], "summary": {"covered_lines": 51, "num_statements": 53, "percent_covered": 96.22641509433963, "percent_covered_display": "96", "missing_lines": 2, "excluded_lines": 2}, "missing_lines": [104, 121], "excluded_lines": [129, 130], "functions": {"_agg_cell_mean": {"executed_lines": [12, 13, 14, 15], "summary": {"covered_lines": 4, "num_statements": 4, "percent_covered": 100.0, "percent_covered_display": "100", "missing_lines": 0, "excluded_lines": 0}, "missing_lines": [], "excluded_lines": []}, "_agg_cohort_equal": {"executed_lines": [21, 27, 28, 29], "summary": {"covered_lines": 4, "num_statements": 4, "percent_covered": 100.0, "percent_covered_display": "100", "missing_lines": 0, "excluded_lines": 0}, "missing_lines": [], "excluded_lines": []}, "_agg_cohort_share": {"executed_lines": [35, 41, 47, 48, 49, 50, 52, 53, 54], "summary": {"covered_lines": 9, "num_statements": 9, "percent_covered": 100.0, "percent_covered_display": "100", "missing_lines": 0, "excluded_lines": 0}, "missing_lines": [], "excluded_lines": []}, "aggregate_event_time": {"executed_lines": [95, 96, 97, 98, 100, 101, 102, 106, 107, 109, 117, 118, 119, 120, 123, 124, 125, 126, 127, 128, 132, 133, 134, 136, 137, 138], "summary": {"covered_lines": 26, "num_statements": 28, "percent_covered": 92.85714285714286, "percent_covered_display": "93", "missing_lines": 2, "excluded_lines": 2}, "missing_lines": [104, 121], "excluded_lines": [129, 130]}, "": {"executed_lines": [1, 3, 5, 6, 9, 18, 32, 57], "summary": {"covered_lines": 8, "num_statements": 8, "percent_covered": 100.0, "percent_covered_display": "100", "missing_lines": 0, "excluded_lines": 0}, "missing_lines": [], "excluded_lines": []}}, "classes": {"": {"executed_lines": [1, 3, 5, 6, 9, 12, 13, 14, 15, 18, 21, 27, 28, 29, 32, 35, 41, 47, 48, 49, 50, 52, 53, 54, 57, 95, 96, 97, 98, 100, 101, 102, 106, 107, 109, 117, 118, 119, 120, 123, 124, 125, 126, 127, 128, 132, 133, 134, 136, 137, 138], "summary": {"covered_lines": 51, "num_statements": 53, "percent_covered": 96.22641509433963, "percent_covered_display": "96", "missing_lines": 2, "excluded_lines": 2}, "missing_lines": [104, 121], "excluded_lines": [129, 130]}}}, "src\\didimpute\\api.py": {"executed_lines": [1, 3, 4, 5, 7, 9, 10, 11, 12, 13, 14, 17, 18, 19, 53, 54, 55, 56, 57, 58, 59, 60, 61, 62, 63, 64, 65, 66, 68, 71, 72, 73, 74, 75, 76, 80, 86, 87, 89, 90, 100, 102, 111, 121, 132, 141, 143, 151, 164, 168, 176, 177, 178, 180, 181, 182, 183, 185, 188, 189, 190, 191, 192, 193, 195, 198, 199, 200, 201, 206, 208, 209, 210, 211, 212, 213, 214, 215, 216, 217, 218, 219], "summary": {"covered_lines": 77, "num_statements": 79, "percent_covered": 97.46835443037975, "percent_covered_display": "97", "missing_lines": 2, "excluded_lines": 3}, "missing_lines": [84, 207], "excluded_lines": [74, 200, 201], "functions": {"DidImputation.fit": {"executed_lines": [71, 72, 73, 74, 75, 76, 80, 86, 87, 89, 90, 100, 102, 111, 121, 132, 141, 143, 151, 164, 168], "summary": {"covered_lines": 20, "num_statements": 21, "percent_covered": 95.23809523809524, "percent_covered_display": "95", "missing_lines": 1, "excluded_lines": 1}, "missing_lines": [84], "excluded_lines": [74]}, "Result.summary": {"executed_lines": [188, 189, 190, 191, 192, 193], "summary": {"covered_lines": 6, "num_statements": 6, "percent_covered": 100.0, "percent_covered_display": "100", "missing_lines": 0, "excluded_lines": 0}, "missing_lines": [], "excluded_lines": []}, "Result.plot": {"executed_lines": [198, 199, 200, 201, 206, 208, 209, 210, 211, 212, 213, 214, 215, 216, 217, 218, 219], "summary": {"covered_lines": 15, "num_statements": 16, "percent_covered": 93.75, "percent_covered_display": "94", "missing_lines": 1, "excluded_lines": 2}, "missing_lines": [207], "excluded_lines": [200, 201]}, "": {"executed_lines": [1, 3, 4, 5, 7, 9, 10, 11, 12, 13, 14, 17, 18, 19, 53, 54, 55, 56, 57, 58, 59, 60, 61, 62, 63, 64, 65, 66, 68, 176, 177, 178, 180, 181, 182, 183, 185, 195], "summary": {"covered_lines": 36, "num_statements": 36, "percent_covered": 100.0, "percent_covered_display": "100", "missing_lines": 0, "excluded_lines": 0}, "missing_lines": [], "excluded_lines": []}}, "classes": {"DidImputation": {"executed_lines": [71, 72, 73, 74, 75, 76, 80, 86, 87, 89, 90, 100, 102, 111, 121, 132, 141, 143, 151, 164, 168], "summary": {"covered_lines": 20, "num_statements": 21, "percent_covered": 95.23809523809524, "percent_covered_display": "95", "missing_lines": 1, "excluded_lines": 1}, "missing_lines": [84], "excluded_lines": [74]}, "Result": {"executed_lines": [188, 189, 190, 191, 192, 193, 198, 199, 200, 201, 206, 208, 209, 210, 211, 212, 213, 214, 215, 216, 217, 218, 219], "summary": {"covered_lines": 21, "num_statements": 22, "percent_covered": 95.45454545454545, "percent_covered_display": "95", "missing_lines": 1, "excluded_lines": 2}, "missing_lines": [207], "excluded_lines": [200, 201]}, "": {"executed_lines": [1, 3, 4, 5, 7, 9, 10, 11, 12, 13, 14, 17, 18, 19, 53, 54, 55, 56, 57, 58, 59, 60, 61, 62, 63, 64, 65, 66, 68, 176, 177, 178, 180, 181, 182, 183, 185, 195], "summary": {"covered_lines": 36, "num_statements": 36, "percent_covered": 100.0, "percent_covered_display": "100", "missing_lines": 0, "excluded_lines": 0}, "missing_lines": [], "excluded_lines": []}}}, "src\\didimpute\\cli.py": {"executed_lines": [1, 3, 5, 6, 8, 9, 12, 32, 33, 34, 35, 36, 37, 38, 41, 42, 49, 50, 51, 57, 63, 68, 69, 74, 79, 87, 94, 101, 107, 130, 131, 134, 136, 149, 150, 151, 153, 154, 155, 161, 162, 164, 165, 166, 167, 169, 170], "summary": {"covered_lines": 47, "num_statements": 49, "percent_covered": 95.91836734693878, "percent_covered_display": "96", "missing_lines": 2, "excluded_lines": 0}, "missing_lines": [156, 157], "excluded_lines": [], "functions": {"_parse_horizons": {"executed_lines": [32, 33, 34, 35, 36, 37, 38], "summary": {"covered_lines": 7, "num_statements": 7, "percent_covered": 100.0, "percent_covered_display": "100", "missing_lines": 0, "excluded_lines": 0}, "missing_lines": [], "excluded_lines": []}, "main": {"executed_lines": [130, 131, 134, 136, 149, 150, 151, 153, 154, 155, 161, 162, 164, 165, 166, 167, 169, 170], "summary": {"covered_lines": 18, "num_statements": 20, "percent_covered": 90.0, "percent_covered_display": "90", "missing_lines": 2, "excluded_lines": 0}, "missing_lines": [156, 157], "excluded_lines": []}, "": {"executed_lines": [1, 3, 5, 6, 8, 9, 12, 41, 42, 49, 50, 51, 57, 63, 68, 69, 74, 79, 87, 94, 101, 107], "summary": {"covered_lines": 22, "num_statements": 22, "percent_covered": 100.0, "percent_covered_display": "100", "missing_lines": 0, "excluded_lines": 0}, "missing_lines": [], "excluded_lines": []}}, "classes": {"": {"executed_lines": [1, 3, 5, 6, 8, 9, 12, 32, 33, 34, 35, 36, 37, 38, 41, 42, 49, 50, 51, 57, 63, 68, 69, 74, 79, 87, 94, 101, 107, 130, 131, 134, 136, 149, 150, 151, 153, 154, 155, 161, 162, 164, 165, 166, 167, 169, 170], "summary": {"covered_lines": 47, "num_statements": 49, "percent_covered": 95.91836734693878, "percent_covered_display": "96", "missing_lines": 2, "excluded_lines": 0}, "missing_lines": [156, 157], "excluded_lines": []}}}, "src\\didimpute\\counterfactual.py": {"executed_lines": [1, 3, 5, 6, 8, 11, 41, 42, 44, 45, 46, 47, 49, 50, 52, 53, 55, 56, 58, 65], "summary": {"covered_lines": 20, "num_statements": 20, "percent_covered": 100.0, "percent_covered_display": "100", "missing_lines": 0, "excluded_lines": 0}, "missing_lines": [], "excluded_lines": [], "functions": {"compute_cell_effects": {"executed_lines": [41, 42, 44, 45, 46, 47, 49, 50, 52, 53, 55, 56, 58, 65], "summary": {"covered_lines": 14, "num_statements": 14, "percent_covered": 100.0, "percent_covered_display": "100", "missing_lines": 0, "excluded_lines": 0}, "missing_lines": [], "excluded_lines": []}, "": {"executed_lines": [1, 3, 5, 6, 8, 11], "summary": {"covered_lines": 6, "num_statements": 6, "percent_covered": 100.0, "percent_covered_display": "100", "missing_lines": 0, "excluded_lines": 0}, "missing_lines": [], "excluded_lines": []}}, "classes": {"": {"executed_lines": [1, 3, 5, 6, 8, 11, 41, 42, 44, 45, 46, 47, 49, 50, 52, 53, 55, 56, 58, 65], "summary": {"covered_lines": 20, "num_statements": 20, "percent_covered": 100.0, "percent_covered_display": "100", "missing_lines": 0, "excluded_lines": 0}, "missing_lines": [], "excluded_lines": []}}}, "src\\didimpute\\errors.py": {"executed_lines": [1, 4, 5, 8, 9], "summary": {"covered_lines": 3, "num_statements": 3, "percent_covered": 100.0, "percent_covered_display": "100", "missing_lines": 0, "excluded_lines": 0}, "missing_lines": [], "excluded_lines": [], "functions": {"": {"executed_lines": [1, 4, 5, 8, 9], "summary": {"covered_lines": 3, "num_statements": 3, "percent_covered": 100.0, "percent_covered_display": "100", "missing_lines": 0, "excluded_lines": 0}, "missing_lines": [], "excluded_lines": []}}, "classes": {"ValidationError": {"executed_lines": [], "summary": {"covered_lines": 0, "num_statements": 0, "percent_covered": 100.0, "percent_covered_display": "100", "missing_lines": 0, "excluded_lines": 0}, "missing_lines": [], "excluded_lines": []}, "EstimationError": {"executed_lines": [], "summary": {"covered_lines": 0, "num_statements": 0, "percent_covered": 100.0, "percent_covered_display": "100", "missing_lines": 0, "excluded_lines": 0}, "missing_lines": [], "excluded_lines": []}, "": {"executed_lines": [1, 4, 5, 8, 9], "summary": {"covered_lines": 3, "num_statements": 3, "percent_covered": 100.0, "percent_covered_display": "100", "missing_lines": 0, "excluded_lines": 0}, "missing_lines": [], "excluded_lines": []}}}, "src\\didimpute\\first_stage.py": {"executed_lines": [1, 3, 4, 6, 7, 8, 10, 13, 16, 17, 18, 19, 20, 23, 24, 25, 32, 33, 34, 35, 36, 37, 38, 39, 40, 41, 42, 43, 44, 45, 46, 47, 49, 79, 80, 83, 84, 87, 89, 92, 93, 94, 96, 97, 98, 99, 100, 103, 104, 105, 106, 108, 109, 110, 113, 114, 115, 117, 118, 121, 122, 123, 127, 128, 129, 130, 131, 132, 133, 134, 135, 142, 143, 145, 162, 163, 166, 169, 172, 175, 176, 181, 184, 185, 186, 187, 188, 190, 193, 194, 197, 199, 205, 206, 208, 209, 210, 211, 212, 216, 217, 218, 223, 224, 227, 228, 229, 232, 234, 239, 241, 244, 246], "summary": {"covered_lines": 112, "num_statements": 133, "percent_covered": 84.21052631578948, "percent_covered_display": "84", "missing_lines": 21, "excluded_lines": 0}, "missing_lines": [81, 85, 88, 90, 101, 111, 119, 124, 125, 164, 167, 170, 173, 195, 200, 201, 202, 203, 219, 235, 245], "excluded_lines": [], "functions": {"_unique_in_order": {"executed_lines": [16, 17, 18, 19, 20], "summary": {"covered_lines": 5, "num_statements": 5, "percent_covered": 100.0, "percent_covered_display": "100", "missing_lines": 0, "excluded_lines": 0}, "missing_lines": [], "excluded_lines": []}, "FirstStageModel.fit": {"executed_lines": [79, 80, 83, 84, 87, 89, 92, 93, 94, 96, 97, 98, 99, 100, 103, 104, 105, 106, 108, 109, 110, 113, 114, 115, 117, 118, 121, 122, 123, 127, 128, 129, 130, 131, 132, 133, 134, 135, 142, 143], "summary": {"covered_lines": 40, "num_statements": 49, "percent_covered": 81.63265306122449, "percent_covered_display": "82", "missing_lines": 9, "excluded_lines": 0}, "missing_lines": [81, 85, 88, 90, 101, 111, 119, 124, 125], "excluded_lines": []}, "FirstStageModel.predict_y0": {"executed_lines": [162, 163, 166, 169, 172, 175, 176], "summary": {"covered_lines": 7, "num_statements": 11, "percent_covered": 63.63636363636363, "percent_covered_display": "64", "missing_lines": 4, "excluded_lines": 0}, "missing_lines": [164, 167, 170, 173], "excluded_lines": []}, "FirstStageModel._design_column_names": {"executed_lines": [184, 185, 186, 187, 188], "summary": {"covered_lines": 5, "num_statements": 5, "percent_covered": 100.0, "percent_covered_display": "100", "missing_lines": 0, "excluded_lines": 0}, "missing_lines": [], "excluded_lines": []}, "FirstStageModel._build_design_matrix": {"executed_lines": [193, 194, 197, 199, 205, 206, 208, 209, 210, 211, 212, 216, 217, 218, 223, 224, 227, 228, 229, 232, 234, 239], "summary": {"covered_lines": 22, "num_statements": 29, "percent_covered": 75.86206896551724, "percent_covered_display": "76", "missing_lines": 7, "excluded_lines": 0}, "missing_lines": [195, 200, 201, 202, 203, 219, 235], "excluded_lines": []}, "FirstStageModel.design_matrix": {"executed_lines": [244, 246], "summary": {"covered_lines": 2, "num_statements": 3, "percent_covered": 66.66666666666667, "percent_covered_display": "67", "missing_lines": 1, "excluded_lines": 0}, "missing_lines": [245], "excluded_lines": []}, "": {"executed_lines": [1, 3, 4, 6, 7, 8, 10, 13, 23, 24, 25, 32, 33, 34, 35, 36, 37, 38, 39, 40, 41, 42, 43, 44, 45, 46, 47, 49, 145, 181, 190, 241], "summary": {"covered_lines": 31, "num_statements": 31, "percent_covered": 100.0, "percent_covered_display": "100", "missing_lines": 0, "excluded_lines": 0}, "missing_lines": [], "excluded_lines": []}}, "classes": {"FirstStageModel": {"executed_lines": [79, 80, 83, 84, 87, 89, 92, 93, 94, 96, 97, 98, 99, 100, 103, 104, 105, 106, 108, 109, 110, 113, 114, 115, 117, 118, 121, 122, 123, 127, 128, 129, 130, 131, 132, 133, 134, 135, 142, 143, 162, 163, 166, 169, 172, 175, 176, 184, 185, 186, 187, 188, 193, 194, 197, 199, 205, 206, 208, 209, 210, 211, 212, 216, 217, 218, 223, 224, 227, 228, 229, 232, 234, 239, 244, 246], "summary": {"covered_lines": 76, "num_statements": 97, "percent_covered": 78.35051546391753, "percent_covered_display": "78", "missing_lines": 21, "excluded_lines": 0}, "missing_lines": [81, 85, 88, 90, 101, 111, 119, 124, 125, 164, 167, 170, 173, 195, 200, 201, 202, 203, 219, 235, 245], "excluded_lines": []}, "": {"executed_lines": [1, 3, 4, 6, 7, 8, 10, 13, 16, 17, 18, 19, 20, 23, 24, 25, 32, 33, 34, 35, 36, 37, 38, 39, 40, 41, 42, 43, 44, 45, 46, 47, 49, 145, 181, 190, 241], "summary": {"covered_lines": 36, "num_statements": 36, "percent_covered": 100.0, "percent_covered_display": "100", "missing_lines": 0, "excluded_lines": 0}, "missing_lines": [], "excluded_lines": []}}}, "src\\didimpute\\se.py": {"executed_lines": [1, 3, 5, 6, 7, 8, 9, 11, 14, 17, 20, 21, 24, 25, 26, 27, 28, 31, 44, 45, 47, 48, 49, 50, 51, 52, 53, 55, 56, 57, 58, 59, 60, 66, 70, 71, 80, 81, 83, 84, 87, 92, 93, 95, 96, 97, 98, 99, 100, 101, 104, 115, 118, 119, 121, 127, 128, 130, 138, 139, 140, 142, 143, 145, 146, 147, 149, 150, 151, 153, 154, 155, 161, 164, 176, 186, 189, 190, 191, 192, 193, 195, 196, 197, 198, 201, 202, 203, 205, 206, 207, 209, 210, 211, 212, 214, 215, 216, 217, 219, 220, 221, 222, 223, 225, 226, 227, 230], "summary": {"covered_lines": 108, "num_statements": 116, "percent_covered": 93.10344827586206, "percent_covered_display": "93", "missing_lines": 8, "excluded_lines": 0}, "missing_lines": [18, 22, 67, 68, 116, 187, 199, 228], "excluded_lines": [], "functions": {"_cluster_se_intercept": {"executed_lines": [17, 20, 21, 24, 25, 26, 27, 28], "summary": {"covered_lines": 8, "num_statements": 10, "percent_covered": 80.0, "percent_covered_display": "80", "missing_lines": 2, "excluded_lines": 0}, "missing_lines": [18, 22], "excluded_lines": []}, "attach_ses_by_k": {"executed_lines": [44, 45, 47, 48, 49, 50, 51, 52, 53, 55, 56, 57, 58, 59, 60, 66, 70, 71, 80, 81, 83, 84], "summary": {"covered_lines": 22, "num_statements": 24, "percent_covered": 91.66666666666667, "percent_covered_display": "92", "missing_lines": 2, "excluded_lines": 0}, "missing_lines": [67, 68], "excluded_lines": []}, "finalize_summary_ci": {"executed_lines": [92, 93, 95, 96, 97, 98, 99, 100, 101], "summary": {"covered_lines": 9, "num_statements": 9, "percent_covered": 100.0, "percent_covered_display": "100", "missing_lines": 0, "excluded_lines": 0}, "missing_lines": [], "excluded_lines": []}, "pretrend_joint_test": {"executed_lines": [115, 118, 119, 121, 127, 128, 130, 138, 139, 140, 142, 143, 145, 146, 147, 149, 150, 151, 153, 154, 155], "summary": {"covered_lines": 21, "num_statements": 22, "percent_covered": 95.45454545454545, "percent_covered_display": "95", "missing_lines": 1, "excluded_lines": 0}, "missing_lines": [116], "excluded_lines": []}, "_first_stage_ready": {"executed_lines": [164], "summary": {"covered_lines": 1, "num_statements": 1, "percent_covered": 100.0, "percent_covered_display": "100", "missing_lines": 0, "excluded_lines": 0}, "missing_lines": [], "excluded_lines": []}, "_se_event_time_nobs": {"executed_lines": [186, 189, 190, 191, 192, 193, 195, 196, 197, 198, 201, 202, 203, 205, 206, 207, 209, 210, 211, 212, 214, 215, 216, 217, 219, 220, 221, 222, 223, 225, 226, 227, 230], "summary": {"covered_lines": 33, "num_statements": 36, "percent_covered": 91.66666666666667, "percent_covered_display": "92", "missing_lines": 3, "excluded_lines": 0}, "missing_lines": [187, 199, 228], "excluded_lines": []}, "": {"executed_lines": [1, 3, 5, 6, 7, 8, 9, 11, 14, 31, 87, 104, 161, 176], "summary": {"covered_lines": 14, "num_statements": 14, "percent_covered": 100.0, "percent_covered_display": "100", "missing_lines": 0, "excluded_lines": 0}, "missing_lines": [], "excluded_lines": []}}, "classes": {"": {"executed_lines": [1, 3, 5, 6, 7, 8, 9, 11, 14, 17, 20, 21, 24, 25, 26, 27, 28, 31, 44, 45, 47, 48, 49, 50, 51, 52, 53, 55, 56, 57, 58, 59, 60, 66, 70, 71, 80, 81, 83, 84, 87, 92, 93, 95, 96, 97, 98, 99, 100, 101, 104, 115, 118, 119, 121, 127, 128, 130, 138, 139, 140, 142, 143, 145, 146, 147, 149, 150, 151, 153, 154, 155, 161, 164, 176, 186, 189, 190, 191, 192, 193, 195, 196, 197, 198, 201, 202, 203, 205, 206, 207, 209, 210, 211, 212, 214, 215, 216, 217, 219, 220, 221, 222, 223, 225, 226, 227, 230], "summary": {"covered_lines": 108, "num_statements": 116, "percent_covered": 93.10344827586206, "percent_covered_display": "93", "missing_lines": 8, "excluded_lines": 0}, "missing_lines": [18, 22, 67, 68, 116, 187, 199, 228], "excluded_lines": []}}}, "src\\didimpute\\utils.py": {"executed_lines": [1, 3, 4, 6, 9, 23, 25, 26, 29, 44, 45, 46], "summary": {"covered_lines": 12, "num_statements": 13, "percent_covered": 92.3076923076923, "percent_covered_display": "92", "missing_lines": 1, "excluded_lines": 0}, "missing_lines": [24], "excluded_lines": [], "functions": {"set_seed": {"executed_lines": [23, 25, 26], "summary": {"covered_lines": 3, "num_statements": 4, "percent_covered": 75.0, "percent_covered_display": "75", "missing_lines": 1, "excluded_lines": 0}, "missing_lines": [24], "excluded_lines": []}, "format_warnings": {"executed_lines": [44, 45, 46], "summary": {"covered_lines": 3, "num_statements": 3, "percent_covered": 100.0, "percent_covered_display": "100", "missing_lines": 0, "excluded_lines": 0}, "missing_lines": [], "excluded_lines": []}, "": {"executed_lines": [1, 3, 4, 6, 9, 29], "summary": {"covered_lines": 6, "num_statements": 6, "percent_covered": 100.0, "percent_covered_display": "100", "missing_lines": 0, "excluded_lines": 0}, "missing_lines": [], "excluded_lines": []}}, "classes": {"": {"executed_lines": [1, 3, 4, 6, 9, 23, 25, 26, 29, 44, 45, 46], "summary": {"covered_lines": 12, "num_statements": 13, "percent_covered": 92.3076923076923, "percent_covered_display": "92", "missing_lines": 1, "excluded_lines": 0}, "missing_lines": [24], "excluded_lines": []}}}, "src\\didimpute\\validation.py": {"executed_lines": [1, 3, 5, 6, 8, 11, 26, 27, 28, 31, 32, 35, 36, 39, 40, 43, 46, 47, 53, 78, 79, 86, 88, 91, 94, 95, 103, 104, 111, 112, 113, 114, 120, 121, 124, 127, 128, 129, 132, 133, 134, 135, 140, 142, 143, 150, 151, 152, 154, 155, 156, 157, 160, 163, 164, 170, 172, 183], "summary": {"covered_lines": 58, "num_statements": 66, "percent_covered": 87.87878787878788, "percent_covered_display": "88", "missing_lines": 8, "excluded_lines": 4}, "missing_lines": [48, 80, 81, 82, 87, 89, 138, 144], "excluded_lines": [96, 97, 105, 106], "functions": {"validate_config": {"executed_lines": [26, 27, 28, 31, 32, 35, 36, 39, 40], "summary": {"covered_lines": 9, "num_statements": 9, "percent_covered": 100.0, "percent_covered_display": "100", "missing_lines": 0, "excluded_lines": 0}, "missing_lines": [], "excluded_lines": []}, "_ensure_columns": {"executed_lines": [46, 47], "summary": {"covered_lines": 2, "num_statements": 3, "percent_covered": 66.66666666666667, "percent_covered_display": "67", "missing_lines": 1, "excluded_lines": 0}, "missing_lines": [48], "excluded_lines": []}, "validate_and_prepare": {"executed_lines": [78, 79, 86, 88, 91, 94, 95, 103, 104, 111, 112, 113, 114, 120, 121, 124, 127, 128, 129, 132, 133, 134, 135, 140, 142, 143, 150, 151, 152, 154, 155, 156, 157, 160, 163, 164, 170, 172, 183], "summary": {"covered_lines": 39, "num_statements": 46, "percent_covered": 84.78260869565217, "percent_covered_display": "85", "missing_lines": 7, "excluded_lines": 4}, "missing_lines": [80, 81, 82, 87, 89, 138, 144], "excluded_lines": [96, 97, 105, 106]}, "": {"executed_lines": [1, 3, 5, 6, 8, 11, 43, 53], "summary": {"covered_lines": 8, "num_statements": 8, "percent_covered": 100.0, "percent_covered_display": "100", "missing_lines": 0, "excluded_lines": 0}, "missing_lines": [], "excluded_lines": []}}, "classes": {"": {"executed_lines": [1, 3, 5, 6, 8, 11, 26, 27, 28, 31, 32, 35, 36, 39, 40, 43, 46, 47, 53, 78, 79, 86, 88, 91, 94, 95, 103, 104, 111, 112, 113, 114, 120, 121, 124, 127, 128, 129, 132, 133, 134, 135, 140, 142, 143, 150, 151, 152, 154, 155, 156, 157, 160, 163, 164, 170, 172, 183], "summary": {"covered_lines": 58, "num_statements": 66, "percent_covered": 87.87878787878788, "percent_covered_display": "88", "missing_lines": 8, "excluded_lines": 4}, "missing_lines": [48, 80, 81, 82, 87, 89, 138, 144], "excluded_lines": [96, 97, 105, 106]}}}}, "totals": {"covered_lines": 493, "num_statements": 537, "percent_covered": 91.80633147113593, "percent_covered_display": "92", "missing_lines": 44, "excluded_lines": 9}}